<?xml version="1.0" encoding="UTF-8"?>
<!-- Generated by org.testng.reporters.JUnitReportReporter -->
<testsuite hostname="DESKTOP-U23SFKB" failures="0" tests="6" name="testPackage.TestUrbanLadder" time="7.913" errors="0" timestamp="2023-06-11T14:42:44 IST" skipped="0">
  <testcase classname="testPackage.TestUrbanLadder" name="giftCardIconTest" time="3.773"/>
  <system-out/>
  <testcase classname="testPackage.TestUrbanLadder" name="chooseCardTest" time="0.205"/>
  <system-out/>
  <testcase classname="testPackage.TestUrbanLadder" name="sendAmountTest" time="0.238"/>
  <system-out/>
  <testcase classname="testPackage.TestUrbanLadder" name="clickNextTest" time="0.188"/>
  <system-out/>
  <testcase classname="testPackage.TestUrbanLadder" name="fillRecFormTest" time="0.388"/>
  <system-out/>
  <testcase classname="testPackage.TestUrbanLadder" name="fillCusFormTest" time="3.121"/>
  <system-out/>
</testsuite> <!-- testPackage.TestUrbanLadder -->
