<?xml version="1.0" encoding="UTF-8"?>
<!-- Generated by org.testng.reporters.JUnitReportReporter -->
<testsuite hostname="DESKTOP-U23SFKB" failures="0" tests="7" name="qaTestCases.BookShelvesTest" time="11.389" errors="0" timestamp="2023-06-19T21:16:17 IST" skipped="0">
  <testcase classname="qaTestCases.BookShelvesTest" name="validateHomepageTitleTest" time="0.012"/>
  <system-out/>
  <testcase classname="qaTestCases.BookShelvesTest" name="clickBookShelveIconTest" time="0.219"/>
  <system-out/>
  <testcase classname="qaTestCases.BookShelvesTest" name="clickOnPopUpTest" time="5.731"/>
  <system-out/>
  <testcase classname="qaTestCases.BookShelvesTest" name="openStorageTest" time="2.325"/>
  <system-out/>
  <testcase classname="qaTestCases.BookShelvesTest" name="priceLimitTest" time="2.877"/>
  <system-out/>
  <testcase classname="qaTestCases.BookShelvesTest" name="inStockTest" time="0.101"/>
  <system-out/>
  <testcase classname="qaTestCases.BookShelvesTest" name="displayDisplayBookShelvesTest" time="0.124"/>
  <system-out/>
</testsuite> <!-- qaTestCases.BookShelvesTest -->
