<?xml version="1.0" encoding="UTF-8"?>
<!-- Generated by org.testng.reporters.JUnitReportReporter -->
<testsuite hostname="DESKTOP-U23SFKB" failures="0" tests="10" name="qaTestCases.GiftCardPageTest" time="4.777" errors="0" timestamp="2023-06-18T10:36:50 IST" skipped="0">
  <testcase classname="qaTestCases.GiftCardPageTest" name="vaateHomepageTitleTest" time="0.058"/>
  <system-out/>
  <testcase classname="qaTestCases.GiftCardPageTest" name="giftCardIconTest" time="2.963"/>
  <system-out/>
  <testcase classname="qaTestCases.GiftCardPageTest" name="cardPageTitleTest" time="0.009"/>
  <system-out/>
  <testcase classname="qaTestCases.GiftCardPageTest" name="chooseCardTest" time="0.116"/>
  <system-out/>
  <testcase classname="qaTestCases.GiftCardPageTest" name="sendAmountTest" time="0.186"/>
  <system-out/>
  <testcase classname="qaTestCases.GiftCardPageTest" name="clickNextTest" time="0.100"/>
  <system-out/>
  <testcase classname="qaTestCases.GiftCardPageTest" name="fillRecFormTest" time="0.282"/>
  <system-out/>
  <testcase classname="qaTestCases.GiftCardPageTest" name="fillCusFormTest" time="0.568"/>
  <system-out/>
  <testcase classname="qaTestCases.GiftCardPageTest" name="clickOnConfirmTest" time="0.118"/>
  <system-out/>
  <testcase classname="qaTestCases.GiftCardPageTest" name="takeScreenshotTest" time="0.377"/>
  <system-out/>
</testsuite> <!-- qaTestCases.GiftCardPageTest -->
