<?xml version="1.0" encoding="UTF-8"?>
<!-- Generated by org.testng.reporters.JUnitReportReporter -->
<testsuite hostname="DESKTOP-U23SFKB" failures="0" tests="6" name="testSelenium.DisplayBookShelves" time="48.408" errors="0" timestamp="2023-06-07T20:34:36 IST" skipped="0">
  <testcase classname="testSelenium.DisplayBookShelves" name="openBrowser" time="5.252"/>
  <system-out/>
  <testcase classname="testSelenium.DisplayBookShelves" name="display" time="24.873"/>
  <system-out/>
  <testcase classname="testSelenium.DisplayBookShelves" name="studyChairs" time="6.203"/>
  <system-out/>
  <testcase classname="testSelenium.DisplayBookShelves" name="navigateHome" time="3.576"/>
  <system-out/>
  <testcase classname="testSelenium.DisplayBookShelves" name="subMenu" time="1.911"/>
  <system-out/>
  <testcase classname="testSelenium.DisplayBookShelves" name="giftCards" time="6.593"/>
  <system-out/>
</testsuite> <!-- testSelenium.DisplayBookShelves -->
