<?xml version="1.0" encoding="UTF-8"?>
<!-- Generated by org.testng.reporters.JUnitReportReporter -->
<testsuite hostname="DESKTOP-U23SFKB" failures="0" tests="7" name="qaTestCases.BookShelvesTest" time="12.070" errors="0" timestamp="2023-06-17T13:17:03 IST" skipped="0">
  <testcase classname="qaTestCases.BookShelvesTest" name="validateHomepageTitleTest" time="0.019"/>
  <system-out/>
  <testcase classname="qaTestCases.BookShelvesTest" name="clickBookShelveIconTest" time="0.296"/>
  <system-out/>
  <testcase classname="qaTestCases.BookShelvesTest" name="clickOnPopUpTest" time="5.280"/>
  <system-out/>
  <testcase classname="qaTestCases.BookShelvesTest" name="openStorageTest" time="3.496"/>
  <system-out/>
  <testcase classname="qaTestCases.BookShelvesTest" name="priceLimitTest" time="2.637"/>
  <system-out/>
  <testcase classname="qaTestCases.BookShelvesTest" name="inStockTest" time="0.132"/>
  <system-out/>
  <testcase classname="qaTestCases.BookShelvesTest" name="displayDisplayBookShelvesTest" time="0.210"/>
  <system-out/>
</testsuite> <!-- qaTestCases.BookShelvesTest -->
