<?xml version="1.0" encoding="UTF-8"?>
<!-- Generated by org.testng.reporters.JUnitReportReporter -->
<testsuite hostname="DESKTOP-U23SFKB" failures="0" tests="2" name="qaTestCases.HomePageTest" time="2.816" errors="0" timestamp="2023-06-17T22:34:32 IST" skipped="0">
  <testcase classname="qaTestCases.HomePageTest" name="vaateHomepageTitleTest" time="0.414"/>
  <system-out/>
  <testcase classname="qaTestCases.HomePageTest" name="subMenuTest" time="2.402"/>
  <system-out/>
</testsuite> <!-- qaTestCases.HomePageTest -->
