<?xml version="1.0" encoding="UTF-8"?>
<!-- Generated by org.testng.reporters.JUnitReportReporter -->
<testsuite hostname="DESKTOP-U23SFKB" failures="0" tests="10" name="qaTestCases.GiftCardPageTest" time="5.181" errors="0" timestamp="2023-06-19T21:16:17 IST" skipped="0">
  <testcase classname="qaTestCases.GiftCardPageTest" name="vaateHomepageTitleTest" time="0.010"/>
  <system-out/>
  <testcase classname="qaTestCases.GiftCardPageTest" name="giftCardIconTest" time="2.977"/>
  <system-out/>
  <testcase classname="qaTestCases.GiftCardPageTest" name="cardPageTitleTest" time="0.009"/>
  <system-out/>
  <testcase classname="qaTestCases.GiftCardPageTest" name="chooseCardTest" time="0.142"/>
  <system-out/>
  <testcase classname="qaTestCases.GiftCardPageTest" name="sendAmountTest" time="0.175"/>
  <system-out/>
  <testcase classname="qaTestCases.GiftCardPageTest" name="clickNextTest" time="0.112"/>
  <system-out/>
  <testcase classname="qaTestCases.GiftCardPageTest" name="fillRecFormTest" time="0.271"/>
  <system-out/>
  <testcase classname="qaTestCases.GiftCardPageTest" name="fillCusFormTest" time="0.582"/>
  <system-out/>
  <testcase classname="qaTestCases.GiftCardPageTest" name="clickOnConfirmTest" time="0.525"/>
  <system-out/>
  <testcase classname="qaTestCases.GiftCardPageTest" name="takeScreenshotTest" time="0.378"/>
  <system-out/>
</testsuite> <!-- qaTestCases.GiftCardPageTest -->
